C:\USERS\DAVID\DOCUMENTS\GITHUB\ARTIFICIAL-LIFE\PARTICLE SWARM OPTIMIZATION\RELEASE\TIMER.OBJ
C:\USERS\DAVID\DOCUMENTS\GITHUB\ARTIFICIAL-LIFE\PARTICLE SWARM OPTIMIZATION\RELEASE\MAIN.OBJ
C:\USERS\DAVID\DOCUMENTS\GITHUB\ARTIFICIAL-LIFE\PARTICLE SWARM OPTIMIZATION\RELEASE\VC110.PDB
C:\USERS\DAVID\DOCUMENTS\GITHUB\ARTIFICIAL-LIFE\PARTICLE SWARM OPTIMIZATION\RELEASE\PARTICLE SWARM OPTIMIZATION.EXE
C:\USERS\DAVID\DOCUMENTS\GITHUB\ARTIFICIAL-LIFE\PARTICLE SWARM OPTIMIZATION\RELEASE\PARTICLE SWARM OPTIMIZATION.PDB
C:\Users\David\Documents\GitHub\Artificial-Life\Particle Swarm Optimization\Release\main.obj
C:\Users\David\Documents\GitHub\Artificial-Life\Particle Swarm Optimization\Release\Timer.obj
C:\Users\David\Documents\GitHub\Artificial-Life\Particle Swarm Optimization\Release\cl.command.1.tlog
C:\Users\David\Documents\GitHub\Artificial-Life\Particle Swarm Optimization\Release\CL.read.1.tlog
C:\Users\David\Documents\GitHub\Artificial-Life\Particle Swarm Optimization\Release\CL.write.1.tlog
C:\Users\David\Documents\GitHub\Artificial-Life\Particle Swarm Optimization\Release\link-cvtres.read.1.tlog
C:\Users\David\Documents\GitHub\Artificial-Life\Particle Swarm Optimization\Release\link-cvtres.write.1.tlog
C:\Users\David\Documents\GitHub\Artificial-Life\Particle Swarm Optimization\Release\link-rc.read.1.tlog
C:\Users\David\Documents\GitHub\Artificial-Life\Particle Swarm Optimization\Release\link-rc.write.1.tlog
C:\Users\David\Documents\GitHub\Artificial-Life\Particle Swarm Optimization\Release\link.command.1.tlog
C:\Users\David\Documents\GitHub\Artificial-Life\Particle Swarm Optimization\Release\link.read.1.tlog
C:\Users\David\Documents\GitHub\Artificial-Life\Particle Swarm Optimization\Release\link.write.1.tlog
C:\Users\David\Documents\GitHub\Artificial-Life\Particle Swarm Optimization\Release\Particle Swarm Optimization.pdb
C:\Users\David\Documents\GitHub\Artificial-Life\Particle Swarm Optimization\Release\vc110.pdb
C:\Users\David\Documents\GitHub\Artificial-Life\Particle Swarm Optimization\Release\Particle Swarm Optimization.exe
